<?xml version="1.0" encoding="UTF-8"?>
<!-- Generated by org.testng.reporters.JUnitXMLReporter -->
<testsuite hostname="DESKTOP-A3DICO7" ignored="0" name="Default test" tests="3" failures="0" timestamp="02 Dec 2018 09:01:16 GMT" time="96.495" errors="0">
  <testcase name="verifyEmailAddreeField" time="5.168" classname="com.torenzosite.qa.testcases.HomePageTest"/>
  <testcase name="verifyWithEmptyEmailAddreeField" time="19.683" classname="com.torenzosite.qa.testcases.HomePageTest"/>
  <testcase name="verifyWithInvalidEmailAddreeField" time="23.819" classname="com.torenzosite.qa.testcases.HomePageTest"/>
</testsuite> <!-- Default test -->
