<?xml version="1.0" encoding="UTF-8"?>
<!-- Generated by org.testng.reporters.JUnitXMLReporter -->
<testsuite hostname="DESKTOP-A3DICO7" ignored="0" name="Default test" tests="3" failures="0" timestamp="06 Dec 2018 05:36:53 GMT" time="100.852" errors="0">
  <testcase name="verifyHomePageTitle" time="1.499" classname="com.torenzosite.qa.testcases.HardwarePageTest"/>
  <testcase name="verifyHardwarePageTitle" time="14.451" classname="com.torenzosite.qa.testcases.HardwarePageTest"/>
  <testcase name="verifyContactUsPage" time="9.146" classname="com.torenzosite.qa.testcases.HardwarePageTest"/>
</testsuite> <!-- Default test -->
