<?xml version="1.0" encoding="UTF-8"?>
<testng-results skipped="0" failed="1" ignored="0" total="3" passed="2">
  <reporter-output>
    <line>
      <![CDATA[Before executing suite at the begin Torenzo WebSite]]>
    </line>
    <line>
      <![CDATA[Before executing test method once onlyTorenzoTest]]>
    </line>
    <line>
      <![CDATA[About to begin executing following method : BrokenImageAndLinks.setUp]]>
    </line>
    <line>
      <![CDATA[Completed executing following method : BrokenImageAndLinks.setUp]]>
    </line>
    <line>
      <![CDATA[About to begin executing following method : BrokenImageAndLinks.findBrokenLinkOnTorenzoMainPage]]>
    </line>
    <line>
      <![CDATA[Completed executing following method : BrokenImageAndLinks.findBrokenLinkOnTorenzoMainPage]]>
    </line>
    <line>
      <![CDATA[About to begin executing following method : BrokenImageAndLinks.tearDown]]>
    </line>
    <line>
      <![CDATA[Completed executing following method : BrokenImageAndLinks.tearDown]]>
    </line>
    <line>
      <![CDATA[About to begin executing following method : HomePageTest.setUp]]>
    </line>
    <line>
      <![CDATA[Completed executing following method : HomePageTest.setUp]]>
    </line>
    <line>
      <![CDATA[About to begin executing following method : HomePageTest.verifyHomePageTitle]]>
    </line>
    <line>
      <![CDATA[Completed executing following method : HomePageTest.verifyHomePageTitle]]>
    </line>
    <line>
      <![CDATA[About to begin executing following method : HomePageTest.tearDown]]>
    </line>
    <line>
      <![CDATA[Completed executing following method : HomePageTest.tearDown]]>
    </line>
    <line>
      <![CDATA[About to begin executing following method : HomePageTest.setUp]]>
    </line>
    <line>
      <![CDATA[Completed executing following method : HomePageTest.setUp]]>
    </line>
    <line>
      <![CDATA[About to begin executing following method : HomePageTest.verifyEmailAddreeField]]>
    </line>
    <line>
      <![CDATA[Completed executing following method : HomePageTest.verifyEmailAddreeField]]>
    </line>
    <line>
      <![CDATA[About to begin executing following method : HomePageTest.tearDown]]>
    </line>
    <line>
      <![CDATA[Completed executing following method : HomePageTest.tearDown]]>
    </line>
  </reporter-output>
  <suite name="Torenzo WebSite" duration-ms="79344" started-at="2018-12-28T06:57:02Z" finished-at="2018-12-28T06:58:21Z">
    <groups>
    </groups>
    <test name="TorenzoTest" duration-ms="79344" started-at="2018-12-28T06:57:02Z" finished-at="2018-12-28T06:58:21Z">
      <class name="com.torenzosite.qa.testcases.BrokenImageAndLinks">
        <test-method status="PASS" signature="setUp()[pri:0, instance:com.torenzosite.qa.testcases.BrokenImageAndLinks@6adede5]" name="setUp" is-config="true" duration-ms="17362" started-at="2018-12-28T06:57:02Z" finished-at="2018-12-28T06:57:19Z">
          <reporter-output>
            <line>
              <![CDATA[Completed executing following method : BrokenImageAndLinks.setUp]]>
            </line>
          </reporter-output>
        </test-method> <!-- setUp -->
        <test-method status="PASS" signature="findBrokenLinkOnTorenzoMainPage()[pri:0, instance:com.torenzosite.qa.testcases.BrokenImageAndLinks@6adede5]" name="findBrokenLinkOnTorenzoMainPage" duration-ms="20071" started-at="2018-12-28T06:57:19Z" finished-at="2018-12-28T06:57:40Z">
          <reporter-output>
            <line>
              <![CDATA[About to begin executing following method : BrokenImageAndLinks.findBrokenLinkOnTorenzoMainPage]]>
            </line>
            <line>
              <![CDATA[Completed executing following method : BrokenImageAndLinks.findBrokenLinkOnTorenzoMainPage]]>
            </line>
            <line>
              <![CDATA[About to begin executing following method : BrokenImageAndLinks.tearDown]]>
            </line>
          </reporter-output>
        </test-method> <!-- findBrokenLinkOnTorenzoMainPage -->
        <test-method status="PASS" signature="tearDown()[pri:0, instance:com.torenzosite.qa.testcases.BrokenImageAndLinks@6adede5]" name="tearDown" is-config="true" duration-ms="538" started-at="2018-12-28T06:57:40Z" finished-at="2018-12-28T06:57:40Z">
          <reporter-output>
            <line>
              <![CDATA[Completed executing following method : BrokenImageAndLinks.tearDown]]>
            </line>
          </reporter-output>
        </test-method> <!-- tearDown -->
      </class> <!-- com.torenzosite.qa.testcases.BrokenImageAndLinks -->
      <class name="com.torenzosite.qa.testcases.HomePageTest">
        <test-method status="PASS" signature="setUp()[pri:0, instance:com.torenzosite.qa.testcases.HomePageTest@2d928643]" name="setUp" is-config="true" duration-ms="12460" started-at="2018-12-28T06:57:40Z" finished-at="2018-12-28T06:57:53Z">
          <reporter-output>
            <line>
              <![CDATA[Completed executing following method : HomePageTest.setUp]]>
            </line>
          </reporter-output>
        </test-method> <!-- setUp -->
        <test-method status="PASS" signature="verifyHomePageTitle()[pri:1, instance:com.torenzosite.qa.testcases.HomePageTest@2d928643]" name="verifyHomePageTitle" duration-ms="93" started-at="2018-12-28T06:57:53Z" finished-at="2018-12-28T06:57:53Z">
          <reporter-output>
            <line>
              <![CDATA[About to begin executing following method : HomePageTest.verifyHomePageTitle]]>
            </line>
            <line>
              <![CDATA[Completed executing following method : HomePageTest.verifyHomePageTitle]]>
            </line>
            <line>
              <![CDATA[About to begin executing following method : HomePageTest.tearDown]]>
            </line>
          </reporter-output>
        </test-method> <!-- verifyHomePageTitle -->
        <test-method status="PASS" signature="tearDown()[pri:0, instance:com.torenzosite.qa.testcases.HomePageTest@2d928643]" name="tearDown" is-config="true" duration-ms="840" started-at="2018-12-28T06:57:53Z" finished-at="2018-12-28T06:57:54Z">
          <reporter-output>
            <line>
              <![CDATA[Completed executing following method : HomePageTest.tearDown]]>
            </line>
          </reporter-output>
        </test-method> <!-- tearDown -->
        <test-method status="PASS" signature="setUp()[pri:0, instance:com.torenzosite.qa.testcases.HomePageTest@2d928643]" name="setUp" is-config="true" duration-ms="11296" started-at="2018-12-28T06:57:54Z" finished-at="2018-12-28T06:58:05Z">
          <reporter-output>
            <line>
              <![CDATA[Completed executing following method : HomePageTest.setUp]]>
            </line>
          </reporter-output>
        </test-method> <!-- setUp -->
        <test-method status="FAIL" signature="verifyEmailAddreeField()[pri:2, instance:com.torenzosite.qa.testcases.HomePageTest@2d928643]" name="verifyEmailAddreeField" duration-ms="981" started-at="2018-12-28T06:58:05Z" finished-at="2018-12-28T06:58:06Z">
          <exception class="java.lang.AssertionError">
            <message>
              <![CDATA[After entering valid Email ID IT's not navigating Succefull page expected [Thank You! - Detroit, Ann Arbor, Warren | Torenzo] but found []]]>
            </message>
            <full-stacktrace>
              <![CDATA[java.lang.AssertionError: After entering valid Email ID IT's not navigating Succefull page expected [Thank You! - Detroit, Ann Arbor, Warren | Torenzo] but found []
at org.testng.Assert.fail(Assert.java:96)
at org.testng.Assert.failNotEquals(Assert.java:776)
at org.testng.Assert.assertEqualsImpl(Assert.java:137)
at org.testng.Assert.assertEquals(Assert.java:118)
at org.testng.Assert.assertEquals(Assert.java:453)
at com.torenzosite.qa.testcases.HomePageTest.verifyEmailAddreeField(HomePageTest.java:56)
at sun.reflect.NativeMethodAccessorImpl.invoke0(Native Method)
at sun.reflect.NativeMethodAccessorImpl.invoke(Unknown Source)
at sun.reflect.DelegatingMethodAccessorImpl.invoke(Unknown Source)
at java.lang.reflect.Method.invoke(Unknown Source)
at org.testng.internal.MethodInvocationHelper.invokeMethod(MethodInvocationHelper.java:124)
at org.testng.internal.Invoker.invokeMethod(Invoker.java:580)
at org.testng.internal.Invoker.invokeTestMethod(Invoker.java:716)
at org.testng.internal.Invoker.invokeTestMethods(Invoker.java:988)
at org.testng.internal.TestMethodWorker.invokeTestMethods(TestMethodWorker.java:125)
at org.testng.internal.TestMethodWorker.run(TestMethodWorker.java:109)
at org.testng.TestRunner.privateRun(TestRunner.java:648)
at org.testng.TestRunner.run(TestRunner.java:505)
at org.testng.SuiteRunner.runTest(SuiteRunner.java:455)
at org.testng.SuiteRunner.runSequentially(SuiteRunner.java:450)
at org.testng.SuiteRunner.privateRun(SuiteRunner.java:415)
at org.testng.SuiteRunner.run(SuiteRunner.java:364)
at org.testng.SuiteRunnerWorker.runSuite(SuiteRunnerWorker.java:52)
at org.testng.SuiteRunnerWorker.run(SuiteRunnerWorker.java:84)
at org.testng.TestNG.runSuitesSequentially(TestNG.java:1208)
at org.testng.TestNG.runSuitesLocally(TestNG.java:1137)
at org.testng.TestNG.runSuites(TestNG.java:1049)
at org.testng.TestNG.run(TestNG.java:1017)
at org.testng.remote.AbstractRemoteTestNG.run(AbstractRemoteTestNG.java:114)
at org.testng.remote.RemoteTestNG.initAndRun(RemoteTestNG.java:251)
at org.testng.remote.RemoteTestNG.main(RemoteTestNG.java:77)
]]>
            </full-stacktrace>
          </exception> <!-- java.lang.AssertionError -->
          <reporter-output>
            <line>
              <![CDATA[About to begin executing following method : HomePageTest.verifyEmailAddreeField]]>
            </line>
            <line>
              <![CDATA[Completed executing following method : HomePageTest.verifyEmailAddreeField]]>
            </line>
            <line>
              <![CDATA[About to begin executing following method : HomePageTest.tearDown]]>
            </line>
          </reporter-output>
        </test-method> <!-- verifyEmailAddreeField -->
        <test-method status="PASS" signature="tearDown()[pri:0, instance:com.torenzosite.qa.testcases.HomePageTest@2d928643]" name="tearDown" is-config="true" duration-ms="917" started-at="2018-12-28T06:58:20Z" finished-at="2018-12-28T06:58:21Z">
          <reporter-output>
            <line>
              <![CDATA[Completed executing following method : HomePageTest.tearDown]]>
            </line>
          </reporter-output>
        </test-method> <!-- tearDown -->
      </class> <!-- com.torenzosite.qa.testcases.HomePageTest -->
    </test> <!-- TorenzoTest -->
  </suite> <!-- Torenzo WebSite -->
</testng-results>
