<?xml version="1.0" encoding="UTF-8"?>
<!-- Generated by org.testng.reporters.JUnitXMLReporter -->
<testsuite hostname="DESKTOP-A3DICO7" ignored="0" name="Default test" tests="2" failures="0" timestamp="08 Dec 2018 05:42:48 GMT" time="42.532" errors="0">
  <testcase name="verifyHomePageTitle" time="0.325" classname="com.torenzosite.qa.testcases.LeaveUsPageTest"/>
  <testcase name="verifyLeaveUsPageTitle" time="14.924" classname="com.torenzosite.qa.testcases.LeaveUsPageTest"/>
</testsuite> <!-- Default test -->
