<?xml version="1.0" encoding="UTF-8"?>
<!-- Generated by org.testng.reporters.JUnitXMLReporter -->
<testsuite hostname="DESKTOP-A3DICO7" ignored="0" name="TorenzoTest" tests="31" failures="7" timestamp="15 Dec 2018 06:06:06 GMT" time="1278.949" errors="0">
  <testcase name="@BeforeMethod setUp" time="60.021" classname="com.torenzosite.qa.testcases.BrokenImageAndLinks">
    <failure type="org.openqa.selenium.WebDriverException" message="Timed out waiting 45 seconds for Firefox to start.
Build info: version: &amp;apos;3.14.0&amp;apos;, revision: &amp;apos;aacccce0&amp;apos;, time: &amp;apos;2018-08-02T20:19:58.91Z&amp;apos;
System info: host: &amp;apos;DESKTOP-A3DICO7&amp;apos;, ip: &amp;apos;169.254.38.26&amp;apos;, os.name: &amp;apos;Windows 10&amp;apos;, os.arch: &amp;apos;amd64&amp;apos;, os.version: &amp;apos;10.0&amp;apos;, java.version: &amp;apos;1.8.0_131&amp;apos;
Driver info: driver.version: FirefoxDriver">
      <![CDATA[org.openqa.selenium.WebDriverException: Timed out waiting 45 seconds for Firefox to start.
Build info: version: '3.14.0', revision: 'aacccce0', time: '2018-08-02T20:19:58.91Z'
System info: host: 'DESKTOP-A3DICO7', ip: '169.254.38.26', os.name: 'Windows 10', os.arch: 'amd64', os.version: '10.0', java.version: '1.8.0_131'
Driver info: driver.version: FirefoxDriver
at org.openqa.selenium.firefox.XpiDriverService.waitUntilAvailable(XpiDriverService.java:133)
at org.openqa.selenium.firefox.XpiDriverService.start(XpiDriverService.java:118)
at org.openqa.selenium.remote.service.DriverCommandExecutor.execute(DriverCommandExecutor.java:79)
at org.openqa.selenium.remote.RemoteWebDriver.execute(RemoteWebDriver.java:548)
at org.openqa.selenium.remote.RemoteWebDriver.startSession(RemoteWebDriver.java:212)
at org.openqa.selenium.remote.RemoteWebDriver.<init>(RemoteWebDriver.java:130)
at org.openqa.selenium.firefox.FirefoxDriver.<init>(FirefoxDriver.java:125)
at org.openqa.selenium.firefox.FirefoxDriver.<init>(FirefoxDriver.java:103)
at com.torenzosite.qa.base.TestBase.initialization(TestBase.java:50)
at com.torenzosite.qa.testcases.BrokenImageAndLinks.setUp(BrokenImageAndLinks.java:37)
Caused by: org.openqa.selenium.net.UrlChecker$TimeoutException: Timed out waiting for [http://localhost:8228/hub/status] to be available after 45027 ms
at org.openqa.selenium.net.UrlChecker.waitUntilAvailable(UrlChecker.java:100)
at org.openqa.selenium.firefox.XpiDriverService.waitUntilAvailable(XpiDriverService.java:131)
... 37 more
Caused by: java.util.concurrent.TimeoutException
at java.util.concurrent.FutureTask.get(Unknown Source)
at com.google.common.util.concurrent.SimpleTimeLimiter.callWithTimeout(SimpleTimeLimiter.java:156)
at org.openqa.selenium.net.UrlChecker.waitUntilAvailable(UrlChecker.java:75)
... 38 more
... Removed 28 stack frames]]>
    </failure>
  </testcase> <!-- @BeforeMethod setUp -->
  <testcase name="@AfterMethod tearDown" time="0.0" classname="com.torenzosite.qa.testcases.BrokenImageAndLinks">
    <skipped/>
  </testcase> <!-- @AfterMethod tearDown -->
  <testcase name="findBrokenLinkOnTorenzoMainPage" time="0.0" classname="com.torenzosite.qa.testcases.BrokenImageAndLinks">
    <skipped/>
  </testcase> <!-- findBrokenLinkOnTorenzoMainPage -->
  <testcase name="verifyHomePageTitle" time="0.081" classname="com.torenzosite.qa.testcases.HomePageTest"/>
  <testcase name="verifyEmailAddreeField" time="16.968" classname="com.torenzosite.qa.testcases.HomePageTest"/>
  <testcase name="verifyWithEmptyEmailAddreeField" time="25.268" classname="com.torenzosite.qa.testcases.HomePageTest"/>
  <testcase name="verifyWithInvalidEmailAddreeField" time="24.797" classname="com.torenzosite.qa.testcases.HomePageTest"/>
  <testcase name="verifyHomePageTitle" time="0.861" classname="com.torenzosite.qa.testcases.ContactUsPageTest"/>
  <testcase name="verifyContactPage" time="9.215" classname="com.torenzosite.qa.testcases.ContactUsPageTest"/>
  <testcase name="fillFormToConatctUs" time="23.881" classname="com.torenzosite.qa.testcases.ContactUsPageTest"/>
  <testcase name="fillFormToConatctUsWithEmpty" time="35.928" classname="com.torenzosite.qa.testcases.ContactUsPageTest"/>
  <testcase name="fillFormToConatctUsWithIncorrectEmail" time="38.911" classname="com.torenzosite.qa.testcases.ContactUsPageTest"/>
  <testcase name="verifyHomePageTitle" time="0.335" classname="com.torenzosite.qa.testcases.TorenzoPOSPageTest"/>
  <testcase name="verifyTextFromTorenzoPOSPage" time="4.13" classname="com.torenzosite.qa.testcases.TorenzoPOSPageTest"/>
  <testcase name="verifyHomePageTitle" time="0.515" classname="com.torenzosite.qa.testcases.FeaturePageTest"/>
  <testcase name="verifyFeaturesPageTitle" time="9.397" classname="com.torenzosite.qa.testcases.FeaturePageTest"/>
  <testcase name="verifyTryTorenzoForFree" time="16.345" classname="com.torenzosite.qa.testcases.FeaturePageTest"/>
  <testcase name="closeToForm" time="7.21" classname="com.torenzosite.qa.testcases.FeaturePageTest"/>
  <testcase name="fillFormFromFeaturePage" time="24.58" classname="com.torenzosite.qa.testcases.FeaturePageTest">
    <failure type="java.lang.AssertionError" message="Thank You Page Title not found after failing form and clicking on Submit expected [Thank You! - Detroit, Ann Arbor, Warren | Torenzo] but found [Mobile POS Software for Businesses, Point of Sale Hardware, Retail Management Systems - Detroit, Ann Arbor, Warren | Torenzo]">
      <![CDATA[java.lang.AssertionError: Thank You Page Title not found after failing form and clicking on Submit expected [Thank You! - Detroit, Ann Arbor, Warren | Torenzo] but found [Mobile POS Software for Businesses, Point of Sale Hardware, Retail Management Systems - Detroit, Ann Arbor, Warren | Torenzo]
at com.torenzosite.qa.testcases.FeaturePageTest.fillFormFromFeaturePage(FeaturePageTest.java:135)
... Removed 30 stack frames]]>
    </failure>
  </testcase> <!-- fillFormFromFeaturePage -->
  <testcase name="fillFormWithEmptyData" time="38.367" classname="com.torenzosite.qa.testcases.FeaturePageTest"/>
  <testcase name="fillFormWithEmptyPhoneNumber" time="38.312" classname="com.torenzosite.qa.testcases.FeaturePageTest">
    <failure type="java.lang.AssertionError" message="Validation message is missing upon clicking on Submit with empty data expected [This field is required.] but found [This field is required. Please enter the first and last name.]">
      <![CDATA[java.lang.AssertionError: Validation message is missing upon clicking on Submit with empty data expected [This field is required.] but found [This field is required. Please enter the first and last name.]
at com.torenzosite.qa.testcases.FeaturePageTest.fillFormWithEmptyPhoneNumber(FeaturePageTest.java:195)
... Removed 30 stack frames]]>
    </failure>
  </testcase> <!-- fillFormWithEmptyPhoneNumber -->
  <testcase name="fillFormWithEmptyEmaildId" time="40.823" classname="com.torenzosite.qa.testcases.FeaturePageTest">
    <failure type="java.lang.AssertionError" message="Validation message is missing upon clicking on Submit with empty data expected [This field is required.] but found [This field is required. Please enter the first and last name.]">
      <![CDATA[java.lang.AssertionError: Validation message is missing upon clicking on Submit with empty data expected [This field is required.] but found [This field is required. Please enter the first and last name.]
at com.torenzosite.qa.testcases.FeaturePageTest.fillFormWithEmptyEmaildId(FeaturePageTest.java:224)
... Removed 30 stack frames]]>
    </failure>
  </testcase> <!-- fillFormWithEmptyEmaildId -->
  <testcase name="fillFormWithEmptyBussinesName" time="36.889" classname="com.torenzosite.qa.testcases.FeaturePageTest">
    <failure type="java.lang.AssertionError" message="Validation message is missing upon clicking on Submit with empty data expected [This field is required.] but found [This field is required. Please enter the first and last name.]">
      <![CDATA[java.lang.AssertionError: Validation message is missing upon clicking on Submit with empty data expected [This field is required.] but found [This field is required. Please enter the first and last name.]
at com.torenzosite.qa.testcases.FeaturePageTest.fillFormWithEmptyBussinesName(FeaturePageTest.java:252)
... Removed 30 stack frames]]>
    </failure>
  </testcase> <!-- fillFormWithEmptyBussinesName -->
  <testcase name="fillFormWithIncorrectEmailId" time="36.303" classname="com.torenzosite.qa.testcases.FeaturePageTest">
    <failure type="java.lang.AssertionError" message="Validation message is missing upon clicking on Submit with empty data expected [Please enter a valid email address.] but found [This field is required. Please enter the first and last name.]">
      <![CDATA[java.lang.AssertionError: Validation message is missing upon clicking on Submit with empty data expected [Please enter a valid email address.] but found [This field is required. Please enter the first and last name.]
at com.torenzosite.qa.testcases.FeaturePageTest.fillFormWithIncorrectEmailId(FeaturePageTest.java:281)
... Removed 30 stack frames]]>
    </failure>
  </testcase> <!-- fillFormWithIncorrectEmailId -->
  <testcase name="verifyHomePageTitle" time="0.45" classname="com.torenzosite.qa.testcases.LeaveUsPageTest"/>
  <testcase name="verifyLeaveUsPageTitle" time="38.969" classname="com.torenzosite.qa.testcases.LeaveUsPageTest">
    <failure type="java.lang.AssertionError" message="Thank You Page Title not found after failing form and clicking on Submit expected [Thank You! - Detroit, Ann Arbor, Warren | Torenzo] but found [Mobile POS Software for Businesses, Point of Sale Hardware, Retail Management Systems - Detroit, Ann Arbor, Warren | Torenzo]">
      <![CDATA[java.lang.AssertionError: Thank You Page Title not found after failing form and clicking on Submit expected [Thank You! - Detroit, Ann Arbor, Warren | Torenzo] but found [Mobile POS Software for Businesses, Point of Sale Hardware, Retail Management Systems - Detroit, Ann Arbor, Warren | Torenzo]
at com.torenzosite.qa.testcases.LeaveUsPageTest.verifyLeaveUsPageTitle(LeaveUsPageTest.java:92)
... Removed 30 stack frames]]>
    </failure>
  </testcase> <!-- verifyLeaveUsPageTitle -->
  <testcase name="verifyHomePageTitle" time="0.793" classname="com.torenzosite.qa.testcases.HardwarePageTest"/>
  <testcase name="verifyHardwarePageTitle" time="13.085" classname="com.torenzosite.qa.testcases.HardwarePageTest"/>
  <testcase name="verifyContactUsPage" time="10.124" classname="com.torenzosite.qa.testcases.HardwarePageTest"/>
  <testcase name="verifyHomePageTitle" time="0.36" classname="com.torenzosite.qa.testcases.PricingPageTest"/>
  <testcase name="verifyPricingPageTitle" time="12.744" classname="com.torenzosite.qa.testcases.PricingPageTest"/>
  <testcase name="verifyHomePageTitle" time="0.329" classname="com.torenzosite.qa.testcases.TryTorenzoForFreePageTest"/>
  <testcase name="clickOnTryTorenzoForFreeAndFillForm" time="42.624" classname="com.torenzosite.qa.testcases.TryTorenzoForFreePageTest">
    <failure type="java.lang.AssertionError" message="Thank You Page Title not found after failing form and clicking on Submit expected [Thank You! - Detroit, Ann Arbor, Warren | Torenzo] but found [Mobile POS Software for Businesses, Point of Sale Hardware, Retail Management Systems - Detroit, Ann Arbor, Warren | Torenzo]">
      <![CDATA[java.lang.AssertionError: Thank You Page Title not found after failing form and clicking on Submit expected [Thank You! - Detroit, Ann Arbor, Warren | Torenzo] but found [Mobile POS Software for Businesses, Point of Sale Hardware, Retail Management Systems - Detroit, Ann Arbor, Warren | Torenzo]
at com.torenzosite.qa.testcases.TryTorenzoForFreePageTest.clickOnTryTorenzoForFreeAndFillForm(TryTorenzoForFreePageTest.java:116)
... Removed 30 stack frames]]>
    </failure>
  </testcase> <!-- clickOnTryTorenzoForFreeAndFillForm -->
</testsuite> <!-- TorenzoTest -->
